# JRE version: OpenJDK Runtime Environment Temurin-21.0.10+7 (21.0.10+7) (build 21.0.10+7-LTS)
# Java VM: OpenJDK 64-Bit Server VM Temurin-21.0.10+7 (21.0.10+7-LTS, mixed mode, sharing, tiered, compressed oops, compressed class ptrs, parallel gc, windows-amd64)
GC Precious Log:
 CardTable entry size: 512
 CPUs: 8 total, 8 available
 Memory: 6079M
 Large Page Support: Disabled
 NUMA Support: Disabled
 Compressed Oops: Enabled (32-bit)
 Alignments: Space 512K, Generation 512K, Heap 2M
 Heap Min Capacity: 100M
 Heap Initial Capacity: 100M
 Heap Max Capacity: 2G
 Pre-touch: Disabled
 Parallel Workers: 8
Heap:
 PSYoungGen      total 9216K, used 7515K [0x00000000d5580000, 0x00000000d5f80000, 0x0000000100000000)
  eden space 8704K, 84% used [0x00000000d5580000,0x00000000d5cb6f58,0x00000000d5e00000)
  from space 512K, 25% used [0x00000000d5e80000,0x00000000d5ea0000,0x00000000d5f00000)
  to   space 512K, 0% used [0x00000000d5f00000,0x00000000d5f00000,0x00000000d5f80000)
 ParOldGen       total 472576K, used 472239K [0x0000000080000000, 0x000000009cd80000, 0x00000000d5580000)
  object space 472576K, 99% used [0x0000000080000000,0x000000009cd2bfb8,0x000000009cd80000)
 Metaspace       used 101774K, committed 103936K, reserved 1179648K
  class space    used 11035K, committed 12096K, reserved 1048576K
GC Heap History (20 events):
Event: 63384.601 GC heap before
{Heap before GC invocations=2563 (full 6):
 PSYoungGen      total 6656K, used 6172K [0x00000000d5580000, 0x00000000d5e80000, 0x0000000100000000)
  eden space 5632K, 100% used [0x00000000d5580000,0x00000000d5b00000,0x00000000d5b00000)
  from space 1024K, 52% used [0x00000000d5b00000,0x00000000d5b87288,0x00000000d5c00000)
  to   space 1024K, 0% used [0x00000000d5d80000,0x00000000d5d80000,0x00000000d5e80000)
 ParOldGen       total 466944K, used 466142K [0x0000000080000000, 0x000000009c800000, 0x00000000d5580000)
  object space 466944K, 99% used [0x0000000080000000,0x000000009c737998,0x000000009c800000)
 Metaspace       used 101701K, committed 103936K, reserved 1179648K
  class space    used 11031K, committed 12096K, reserved 1048576K
}
Event: 63384.604 GC heap after
{Heap after GC invocations=2563 (full 6):
 PSYoungGen      total 8192K, used 576K [0x00000000d5580000, 0x00000000d5e80000, 0x0000000100000000)
  eden space 7168K, 0% used [0x00000000d5580000,0x00000000d5580000,0x00000000d5c80000)
  from space 1024K, 56% used [0x00000000d5d80000,0x00000000d5e10000,0x00000000d5e80000)
  to   space 1024K, 0% used [0x00000000d5c80000,0x00000000d5c80000,0x00000000d5d80000)
 ParOldGen       total 466944K, used 466386K [0x0000000080000000, 0x000000009c800000, 0x00000000d5580000)
  object space 466944K, 99% used [0x0000000080000000,0x000000009c774b98,0x000000009c800000)
 Metaspace       used 101701K, committed 103936K, reserved 1179648K
  class space    used 11031K, committed 12096K, reserved 1048576K
}
Event: 63384.617 GC heap before
{Heap before GC invocations=2564 (full 6):
 PSYoungGen      total 8192K, used 7744K [0x00000000d5580000, 0x00000000d5e80000, 0x0000000100000000)
  eden space 7168K, 100% used [0x00000000d5580000,0x00000000d5c80000,0x00000000d5c80000)
  from space 1024K, 56% used [0x00000000d5d80000,0x00000000d5e10000,0x00000000d5e80000)
  to   space 1024K, 0% used [0x00000000d5c80000,0x00000000d5c80000,0x00000000d5d80000)
 ParOldGen       total 466944K, used 466386K [0x0000000080000000, 0x000000009c800000, 0x00000000d5580000)
  object space 466944K, 99% used [0x0000000080000000,0x000000009c774bb8,0x000000009c800000)
 Metaspace       used 101701K, committed 103936K, reserved 1179648K
  class space    used 11031K, committed 12096K, reserved 1048576K
}
Event: 63384.621 GC heap after
{Heap after GC invocations=2564 (full 6):
 PSYoungGen      total 8192K, used 859K [0x00000000d5580000, 0x00000000d5e80000, 0x0000000100000000)
  eden space 7168K, 0% used [0x00000000d5580000,0x00000000d5580000,0x00000000d5c80000)
  from space 1024K, 83% used [0x00000000d5c80000,0x00000000d5d56d98,0x00000000d5d80000)
  to   space 1024K, 0% used [0x00000000d5d80000,0x00000000d5d80000,0x00000000d5e80000)
 ParOldGen       total 468992K, used 468629K [0x0000000080000000, 0x000000009ca00000, 0x00000000d5580000)
  object space 468992K, 99% used [0x0000000080000000,0x000000009c9a5608,0x000000009ca00000)
 Metaspace       used 101701K, committed 103936K, reserved 1179648K
  class space    used 11031K, committed 12096K, reserved 1048576K
}
Event: 63384.629 GC heap before
{Heap before GC invocations=2565 (full 6):
 PSYoungGen      total 8192K, used 8027K [0x00000000d5580000, 0x00000000d5e80000, 0x0000000100000000)
  eden space 7168K, 100% used [0x00000000d5580000,0x00000000d5c80000,0x00000000d5c80000)
  from space 1024K, 83% used [0x00000000d5c80000,0x00000000d5d56d98,0x00000000d5d80000)
  to   space 1024K, 0% used [0x00000000d5d80000,0x00000000d5d80000,0x00000000d5e80000)
 ParOldGen       total 468992K, used 468631K [0x0000000080000000, 0x000000009ca00000, 0x00000000d5580000)
  object space 468992K, 99% used [0x0000000080000000,0x000000009c9a5f68,0x000000009ca00000)
 Metaspace       used 101701K, committed 103936K, reserved 1179648K
  class space    used 11031K, committed 12096K, reserved 1048576K
}
Event: 63384.633 GC heap after
{Heap after GC invocations=2565 (full 6):
 PSYoungGen      total 8192K, used 570K [0x00000000d5580000, 0x00000000d6000000, 0x0000000100000000)
  eden space 7168K, 0% used [0x00000000d5580000,0x00000000d5580000,0x00000000d5c80000)
  from space 1024K, 55% used [0x00000000d5d80000,0x00000000d5e0e900,0x00000000d5e80000)
  to   space 1024K, 0% used [0x00000000d5c80000,0x00000000d5c80000,0x00000000d5d80000)
 ParOldGen       total 471040K, used 470758K [0x0000000080000000, 0x000000009cc00000, 0x00000000d5580000)
  object space 471040K, 99% used [0x0000000080000000,0x000000009cbb9bb8,0x000000009cc00000)
 Metaspace       used 101701K, committed 103936K, reserved 1179648K
  class space    used 11031K, committed 12096K, reserved 1048576K
}
Event: 63384.645 GC heap before
{Heap before GC invocations=2566 (full 6):
 PSYoungGen      total 8192K, used 6410K [0x00000000d5580000, 0x00000000d6000000, 0x0000000100000000)
  eden space 7168K, 81% used [0x00000000d5580000,0x00000000d5b33f98,0x00000000d5c80000)
  from space 1024K, 55% used [0x00000000d5d80000,0x00000000d5e0e900,0x00000000d5e80000)
  to   space 1024K, 0% used [0x00000000d5c80000,0x00000000d5c80000,0x00000000d5d80000)
 ParOldGen       total 471040K, used 470758K [0x0000000080000000, 0x000000009cc00000, 0x00000000d5580000)
  object space 471040K, 99% used [0x0000000080000000,0x000000009cbb9bb8,0x000000009cc00000)
 Metaspace       used 101701K, committed 103936K, reserved 1179648K
  class space    used 11031K, committed 12096K, reserved 1048576K
}
Event: 63384.648 GC heap after
{Heap after GC invocations=2566 (full 6):
 PSYoungGen      total 8192K, used 544K [0x00000000d5580000, 0x00000000d6000000, 0x0000000100000000)
  eden space 7168K, 0% used [0x00000000d5580000,0x00000000d5580000,0x00000000d5c80000)
  from space 1024K, 53% used [0x00000000d5c80000,0x00000000d5d08000,0x00000000d5d80000)
  to   space 1024K, 0% used [0x00000000d5f00000,0x00000000d5f00000,0x00000000d6000000)
 ParOldGen       total 471552K, used 471163K [0x0000000080000000, 0x000000009cc80000, 0x00000000d5580000)
  object space 471552K, 99% used [0x0000000080000000,0x000000009cc1edb8,0x000000009cc80000)
 Metaspace       used 101701K, committed 103936K, reserved 1179648K
  class space    used 11031K, committed 12096K, reserved 1048576K
}
Event: 63384.661 GC heap before
{Heap before GC invocations=2567 (full 6):
 PSYoungGen      total 8192K, used 7712K [0x00000000d5580000, 0x00000000d6000000, 0x0000000100000000)
  eden space 7168K, 100% used [0x00000000d5580000,0x00000000d5c80000,0x00000000d5c80000)
  from space 1024K, 53% used [0x00000000d5c80000,0x00000000d5d08000,0x00000000d5d80000)
  to   space 1024K, 0% used [0x00000000d5f00000,0x00000000d5f00000,0x00000000d6000000)
 ParOldGen       total 471552K, used 471163K [0x0000000080000000, 0x000000009cc80000, 0x00000000d5580000)
  object space 471552K, 99% used [0x0000000080000000,0x000000009cc1edb8,0x000000009cc80000)
 Metaspace       used 101701K, committed 103936K, reserved 1179648K
  class space    used 11031K, committed 12096K, reserved 1048576K
}
Event: 63384.663 GC heap after
{Heap after GC invocations=2567 (full 6):
 PSYoungGen      total 9216K, used 361K [0x00000000d5580000, 0x00000000d5f80000, 0x0000000100000000)
  eden space 8704K, 0% used [0x00000000d5580000,0x00000000d5580000,0x00000000d5e00000)
  from space 512K, 70% used [0x00000000d5f00000,0x00000000d5f5a400,0x00000000d5f80000)
  to   space 512K, 0% used [0x00000000d5e80000,0x00000000d5e80000,0x00000000d5f00000)
 ParOldGen       total 472064K, used 471595K [0x0000000080000000, 0x000000009cd00000, 0x00000000d5580000)
  object space 472064K, 99% used [0x0000000080000000,0x000000009cc8adb8,0x000000009cd00000)
 Metaspace       used 101701K, committed 103936K, reserved 1179648K
  class space    used 11031K, committed 12096K, reserved 1048576K
}
Event: 63384.713 GC heap before
{Heap before GC invocations=2568 (full 6):
 PSYoungGen      total 9216K, used 9065K [0x00000000d5580000, 0x00000000d5f80000, 0x0000000100000000)
  eden space 8704K, 100% used [0x00000000d5580000,0x00000000d5e00000,0x00000000d5e00000)
  from space 512K, 70% used [0x00000000d5f00000,0x00000000d5f5a400,0x00000000d5f80000)
  to   space 512K, 0% used [0x00000000d5e80000,0x00000000d5e80000,0x00000000d5f00000)
 ParOldGen       total 472064K, used 471595K [0x0000000080000000, 0x000000009cd00000, 0x00000000d5580000)
  object space 472064K, 99% used [0x0000000080000000,0x000000009cc8adb8,0x000000009cd00000)
 Metaspace       used 101701K, committed 103936K, reserved 1179648K
  class space    used 11031K, committed 12096K, reserved 1048576K
}
Event: 63384.716 GC heap after
{Heap after GC invocations=2568 (full 6):
 PSYoungGen      total 9216K, used 512K [0x00000000d5580000, 0x00000000d6000000, 0x0000000100000000)
  eden space 8704K, 0% used [0x00000000d5580000,0x00000000d5580000,0x00000000d5e00000)
  from space 512K, 100% used [0x00000000d5e80000,0x00000000d5f00000,0x00000000d5f00000)
  to   space 1024K, 0% used [0x00000000d5f00000,0x00000000d5f00000,0x00000000d6000000)
 ParOldGen       total 472064K, used 471743K [0x0000000080000000, 0x000000009cd00000, 0x00000000d5580000)
  object space 472064K, 99% used [0x0000000080000000,0x000000009ccaffb8,0x000000009cd00000)
 Metaspace       used 101701K, committed 103936K, reserved 1179648K
  class space    used 11031K, committed 12096K, reserved 1048576K
}
Event: 63384.758 GC heap before
{Heap before GC invocations=2569 (full 6):
 PSYoungGen      total 9216K, used 9216K [0x00000000d5580000, 0x00000000d6000000, 0x0000000100000000)
  eden space 8704K, 100% used [0x00000000d5580000,0x00000000d5e00000,0x00000000d5e00000)
  from space 512K, 100% used [0x00000000d5e80000,0x00000000d5f00000,0x00000000d5f00000)
  to   space 1024K, 0% used [0x00000000d5f00000,0x00000000d5f00000,0x00000000d6000000)
 ParOldGen       total 472064K, used 471743K [0x0000000080000000, 0x000000009cd00000, 0x00000000d5580000)
  object space 472064K, 99% used [0x0000000080000000,0x000000009ccaffb8,0x000000009cd00000)
 Metaspace       used 101702K, committed 103936K, reserved 1179648K
  class space    used 11031K, committed 12096K, reserved 1048576K
}
Event: 63384.765 GC heap after
{Heap after GC invocations=2569 (full 6):
 PSYoungGen      total 9728K, used 570K [0x00000000d5580000, 0x00000000d6000000, 0x0000000100000000)
  eden space 8704K, 0% used [0x00000000d5580000,0x00000000d5580000,0x00000000d5e00000)
  from space 1024K, 55% used [0x00000000d5f00000,0x00000000d5f8e900,0x00000000d6000000)
  to   space 1024K, 0% used [0x00000000d5e00000,0x00000000d5e00000,0x00000000d5f00000)
 ParOldGen       total 472576K, used 472135K [0x0000000080000000, 0x000000009cd80000, 0x00000000d5580000)
  object space 472576K, 99% used [0x0000000080000000,0x000000009cd11fb8,0x000000009cd80000)
 Metaspace       used 101702K, committed 103936K, reserved 1179648K
  class space    used 11031K, committed 12096K, reserved 1048576K
}
Event: 63384.809 GC heap before
{Heap before GC invocations=2570 (full 6):
 PSYoungGen      total 9728K, used 8199K [0x00000000d5580000, 0x00000000d6000000, 0x0000000100000000)
  eden space 8704K, 87% used [0x00000000d5580000,0x00000000d5cf3510,0x00000000d5e00000)
  from space 1024K, 55% used [0x00000000d5f00000,0x00000000d5f8e900,0x00000000d6000000)
  to   space 1024K, 0% used [0x00000000d5e00000,0x00000000d5e00000,0x00000000d5f00000)
 ParOldGen       total 472576K, used 472135K [0x0000000080000000, 0x000000009cd80000, 0x00000000d5580000)
  object space 472576K, 99% used [0x0000000080000000,0x000000009cd11fb8,0x000000009cd80000)
 Metaspace       used 101702K, committed 103936K, reserved 1179648K
  class space    used 11031K, committed 12096K, reserved 1048576K
}
Event: 63384.813 GC heap after
{Heap after GC invocations=2570 (full 6):
 PSYoungGen      total 9728K, used 282K [0x00000000d5580000, 0x00000000d5f80000, 0x0000000100000000)
  eden space 8704K, 0% used [0x00000000d5580000,0x00000000d5580000,0x00000000d5e00000)
  from space 1024K, 27% used [0x00000000d5e00000,0x00000000d5e46900,0x00000000d5f00000)
  to   space 512K, 0% used [0x00000000d5f00000,0x00000000d5f00000,0x00000000d5f80000)
 ParOldGen       total 472576K, used 472183K [0x0000000080000000, 0x000000009cd80000, 0x00000000d5580000)
  object space 472576K, 99% used [0x0000000080000000,0x000000009cd1dfb8,0x000000009cd80000)
 Metaspace       used 101702K, committed 103936K, reserved 1179648K
  class space    used 11031K, committed 12096K, reserved 1048576K
}
Event: 63384.847 GC heap before
{Heap before GC invocations=2571 (full 6):
 PSYoungGen      total 9728K, used 8383K [0x00000000d5580000, 0x00000000d5f80000, 0x0000000100000000)
  eden space 8704K, 93% used [0x00000000d5580000,0x00000000d5d694e8,0x00000000d5e00000)
  from space 1024K, 27% used [0x00000000d5e00000,0x00000000d5e46900,0x00000000d5f00000)
  to   space 512K, 0% used [0x00000000d5f00000,0x00000000d5f00000,0x00000000d5f80000)
 ParOldGen       total 472576K, used 472183K [0x0000000080000000, 0x000000009cd80000, 0x00000000d5580000)
  object space 472576K, 99% used [0x0000000080000000,0x000000009cd1dfb8,0x000000009cd80000)
 Metaspace       used 101702K, committed 103936K, reserved 1179648K
  class space    used 11031K, committed 12096K, reserved 1048576K
}
Event: 63384.850 GC heap after
{Heap after GC invocations=2571 (full 6):
 PSYoungGen      total 9216K, used 128K [0x00000000d5580000, 0x00000000d5f80000, 0x0000000100000000)
  eden space 8704K, 0% used [0x00000000d5580000,0x00000000d5580000,0x00000000d5e00000)
  from space 512K, 25% used [0x00000000d5f00000,0x00000000d5f20000,0x00000000d5f80000)
  to   space 512K, 0% used [0x00000000d5e80000,0x00000000d5e80000,0x00000000d5f00000)
 ParOldGen       total 472576K, used 472199K [0x0000000080000000, 0x000000009cd80000, 0x00000000d5580000)
  object space 472576K, 99% used [0x0000000080000000,0x000000009cd21fb8,0x000000009cd80000)
 Metaspace       used 101702K, committed 103936K, reserved 1179648K
  class space    used 11031K, committed 12096K, reserved 1048576K
}
Event: 63384.881 GC heap before
{Heap before GC invocations=2572 (full 6):
 PSYoungGen      total 9216K, used 8832K [0x00000000d5580000, 0x00000000d5f80000, 0x0000000100000000)
  eden space 8704K, 100% used [0x00000000d5580000,0x00000000d5e00000,0x00000000d5e00000)
  from space 512K, 25% used [0x00000000d5f00000,0x00000000d5f20000,0x00000000d5f80000)
  to   space 512K, 0% used [0x00000000d5e80000,0x00000000d5e80000,0x00000000d5f00000)
 ParOldGen       total 472576K, used 472199K [0x0000000080000000, 0x000000009cd80000, 0x00000000d5580000)
  object space 472576K, 99% used [0x0000000080000000,0x000000009cd21fb8,0x000000009cd80000)
 Metaspace       used 101703K, committed 103936K, reserved 1179648K
  class space    used 11031K, committed 12096K, reserved 1048576K
}
Event: 63384.885 GC heap after
{Heap after GC invocations=2572 (full 6):
 PSYoungGen      total 9216K, used 128K [0x00000000d5580000, 0x00000000d5f80000, 0x0000000100000000)
  eden space 8704K, 0% used [0x00000000d5580000,0x00000000d5580000,0x00000000d5e00000)
  from space 512K, 25% used [0x00000000d5e80000,0x00000000d5ea0000,0x00000000d5f00000)
  to   space 512K, 0% used [0x00000000d5f00000,0x00000000d5f00000,0x00000000d5f80000)
 ParOldGen       total 472576K, used 472239K [0x0000000080000000, 0x000000009cd80000, 0x00000000d5580000)
  object space 472576K, 99% used [0x0000000080000000,0x000000009cd2bfb8,0x000000009cd80000)
 Metaspace       used 101703K, committed 103936K, reserved 1179648K
  class space    used 11031K, committed 12096K, reserved 1048576K
}

